{"$message_type":"diagnostic","message":"unused import: `walkdir::WalkDir`","code":{"code":"unused_imports","explanation":null},"level":"warning","spans":[{"file_name":"src/main.rs","byte_start":25,"byte_end":41,"line_start":2,"line_end":2,"column_start":5,"column_end":21,"is_primary":true,"text":[{"text":"use walkdir::WalkDir;","highlight_start":5,"highlight_end":21}],"label":null,"suggested_replacement":null,"suggestion_applicability":null,"expansion":null}],"children":[{"message":"`#[warn(unused_imports)]` (part of `#[warn(unused)]`) on by default","code":null,"level":"note","spans":[],"children":[],"rendered":null},{"message":"remove the whole `use` item","code":null,"level":"help","spans":[{"file_name":"src/main.rs","byte_start":21,"byte_end":43,"line_start":2,"line_end":3,"column_start":1,"column_end":1,"is_primary":true,"text":[{"text":"use walkdir::WalkDir;","highlight_start":1,"highlight_end":22},{"text":"","highlight_start":1,"highlight_end":1}],"label":null,"suggested_replacement":"","suggestion_applicability":"MachineApplicable","expansion":null}],"children":[],"rendered":null}],"rendered":"\u001b[1m\u001b[33mwarning\u001b[0m\u001b[1m: unused import: `walkdir::WalkDir`\u001b[0m\n \u001b[1m\u001b[94m--> \u001b[0msrc/main.rs:2:5\n  \u001b[1m\u001b[94m|\u001b[0m\n\u001b[1m\u001b[94m2\u001b[0m \u001b[1m\u001b[94m|\u001b[0m use walkdir::WalkDir;\n  \u001b[1m\u001b[94m|\u001b[0m     \u001b[1m\u001b[33m^^^^^^^^^^^^^^^^\u001b[0m\n  \u001b[1m\u001b[94m|\u001b[0m\n  \u001b[1m\u001b[94m= \u001b[0m\u001b[1mnote\u001b[0m: `#[warn(unused_imports)]` (part of `#[warn(unused)]`) on by default\n\n"}
{"$message_type":"diagnostic","message":"`main` function not found in crate `media_organizer`","code":{"code":"E0601","explanation":"No `main` function was found in a binary crate.\n\nTo fix this error, add a `main` function:\n\n```\nfn main() {\n    // Your program will start here.\n    println!(\"Hello world!\");\n}\n```\n\nIf you don't know the basics of Rust, you can look at the\n[Rust Book][rust-book] to get started.\n\n[rust-book]: https://doc.rust-lang.org/book/\n"},"level":"error","spans":[{"file_name":"src/main.rs","byte_start":261,"byte_end":261,"line_start":14,"line_end":14,"column_start":2,"column_end":2,"is_primary":true,"text":[{"text":"}","highlight_start":2,"highlight_end":2}],"label":"consider adding a `main` function to `src/main.rs`","suggested_replacement":null,"suggestion_applicability":null,"expansion":null}],"children":[],"rendered":"\u001b[1m\u001b[91merror[E0601]\u001b[0m\u001b[1m: `main` function not found in crate `media_organizer`\u001b[0m\n  \u001b[1m\u001b[94m--> \u001b[0msrc/main.rs:14:2\n   \u001b[1m\u001b[94m|\u001b[0m\n\u001b[1m\u001b[94m14\u001b[0m \u001b[1m\u001b[94m|\u001b[0m }\n   \u001b[1m\u001b[94m|\u001b[0m  \u001b[1m\u001b[91m^\u001b[0m \u001b[1m\u001b[91mconsider adding a `main` function to `src/main.rs`\u001b[0m\n\n"}
{"$message_type":"diagnostic","message":"no method named `to_asii_lowercase` found for reference `&str` in the current scope","code":{"code":"E0599","explanation":"This error occurs when a method is used on a type which doesn't implement it:\n\nErroneous code example:\n\n```compile_fail,E0599\nstruct Mouth;\n\nlet x = Mouth;\nx.chocolate(); // error: no method named `chocolate` found for type `Mouth`\n               //        in the current scope\n```\n\nIn this case, you need to implement the `chocolate` method to fix the error:\n\n```\nstruct Mouth;\n\nimpl Mouth {\n    fn chocolate(&self) { // We implement the `chocolate` method here.\n        println!(\"Hmmm! I love chocolate!\");\n    }\n}\n\nlet x = Mouth;\nx.chocolate(); // ok!\n```\n"},"level":"error","spans":[{"file_name":"src/main.rs","byte_start":238,"byte_end":255,"line_start":13,"line_end":13,"column_start":73,"column_end":90,"is_primary":true,"text":[{"text":"    let extension = path.extension().and_then(|e| e.to_str()).map(|s| s.to_asii_lowercase());","highlight_start":73,"highlight_end":90}],"label":null,"suggested_replacement":null,"suggestion_applicability":null,"expansion":null}],"children":[{"message":"there is a method `to_ascii_lowercase` with a similar name","code":null,"level":"help","spans":[{"file_name":"src/main.rs","byte_start":238,"byte_end":255,"line_start":13,"line_end":13,"column_start":73,"column_end":90,"is_primary":true,"text":[{"text":"    let extension = path.extension().and_then(|e| e.to_str()).map(|s| s.to_asii_lowercase());","highlight_start":73,"highlight_end":90}],"label":null,"suggested_replacement":"to_ascii_lowercase","suggestion_applicability":"MaybeIncorrect","expansion":null}],"children":[],"rendered":null}],"rendered":"\u001b[1m\u001b[91merror[E0599]\u001b[0m\u001b[1m: no method named `to_asii_lowercase` found for reference `&str` in the current scope\u001b[0m\n  \u001b[1m\u001b[94m--> \u001b[0msrc/main.rs:13:73\n   \u001b[1m\u001b[94m|\u001b[0m\n\u001b[1m\u001b[94m13\u001b[0m \u001b[1m\u001b[94m|\u001b[0m     let extension = path.extension().and_then(|e| e.to_str()).map(|s| s.to_asii_lowercase());\n   \u001b[1m\u001b[94m|\u001b[0m                                                                         \u001b[1m\u001b[91m^^^^^^^^^^^^^^^^^\u001b[0m\n   \u001b[1m\u001b[94m|\u001b[0m\n\u001b[1m\u001b[96mhelp\u001b[0m: there is a method `to_ascii_lowercase` with a similar name\n   \u001b[1m\u001b[94m|\u001b[0m\n\u001b[1m\u001b[94m13\u001b[0m \u001b[1m\u001b[94m| \u001b[0m    let extension = path.extension().and_then(|e| e.to_str()).map(|s| s.to_as\u001b[92mc\u001b[0mii_lowercase());\n   \u001b[1m\u001b[94m|\u001b[0m                                                                              \u001b[92m+\u001b[0m\n\n"}
{"$message_type":"diagnostic","message":"mismatched types","code":{"code":"E0308","explanation":"Expected type did not match the received type.\n\nErroneous code examples:\n\n```compile_fail,E0308\nfn plus_one(x: i32) -> i32 {\n    x + 1\n}\n\nplus_one(\"Not a number\");\n//       ^^^^^^^^^^^^^^ expected `i32`, found `&str`\n\nif \"Not a bool\" {\n// ^^^^^^^^^^^^ expected `bool`, found `&str`\n}\n\nlet x: f32 = \"Not a float\";\n//     ---   ^^^^^^^^^^^^^ expected `f32`, found `&str`\n//     |\n//     expected due to this\n```\n\nThis error occurs when an expression was used in a place where the compiler\nexpected an expression of a different type. It can occur in several cases, the\nmost common being when calling a function and passing an argument which has a\ndifferent type than the matching type in the function declaration.\n"},"level":"error","spans":[{"file_name":"src/main.rs","byte_start":159,"byte_end":163,"line_start":12,"line_end":12,"column_start":29,"column_end":33,"is_primary":true,"text":[{"text":"fn classify(path: &Path) -> Kind {","highlight_start":29,"highlight_end":33}],"label":"expected `Kind`, found `()`","suggested_replacement":null,"suggestion_applicability":null,"expansion":null},{"file_name":"src/main.rs","byte_start":134,"byte_end":142,"line_start":12,"line_end":12,"column_start":4,"column_end":12,"is_primary":false,"text":[{"text":"fn classify(path: &Path) -> Kind {","highlight_start":4,"highlight_end":12}],"label":"implicitly returns `()` as its body has no tail or `return` expression","suggested_replacement":null,"suggestion_applicability":null,"expansion":null}],"children":[],"rendered":"\u001b[1m\u001b[91merror[E0308]\u001b[0m\u001b[1m: mismatched types\u001b[0m\n  \u001b[1m\u001b[94m--> \u001b[0msrc/main.rs:12:29\n   \u001b[1m\u001b[94m|\u001b[0m\n\u001b[1m\u001b[94m12\u001b[0m \u001b[1m\u001b[94m|\u001b[0m fn classify(path: &Path) -> Kind {\n   \u001b[1m\u001b[94m|\u001b[0m    \u001b[1m\u001b[94m--------\u001b[0m                 \u001b[1m\u001b[91m^^^^\u001b[0m \u001b[1m\u001b[91mexpected `Kind`, found `()`\u001b[0m\n   \u001b[1m\u001b[94m|\u001b[0m    \u001b[1m\u001b[94m|\u001b[0m\n   \u001b[1m\u001b[94m|\u001b[0m    \u001b[1m\u001b[94mimplicitly returns `()` as its body has no tail or `return` expression\u001b[0m\n\n"}
{"$message_type":"diagnostic","message":"aborting due to 3 previous errors; 1 warning emitted","code":null,"level":"error","spans":[],"children":[],"rendered":"\u001b[1m\u001b[91merror\u001b[0m\u001b[1m: aborting due to 3 previous errors; 1 warning emitted\u001b[0m\n\n"}
{"$message_type":"diagnostic","message":"Some errors have detailed explanations: E0308, E0599, E0601.","code":null,"level":"failure-note","spans":[],"children":[],"rendered":"\u001b[1mSome errors have detailed explanations: E0308, E0599, E0601.\u001b[0m\n"}
{"$message_type":"diagnostic","message":"For more information about an error, try `rustc --explain E0308`.","code":null,"level":"failure-note","spans":[],"children":[],"rendered":"\u001b[1mFor more information about an error, try `rustc --explain E0308`.\u001b[0m\n"}
